#
# A fatal error has been detected by the Java Runtime Environment:
#
#  EXCEPTION_ACCESS_VIOLATION (0xc0000005) at pc=0x0000000180003990, pid=3036, tid=10284
#
# JRE version: Java(TM) SE Runtime Environment (10.0.1+10) (build 10.0.1+10)
# Java VM: Java HotSpot(TM) 64-Bit Server VM (10.0.1+10, mixed mode, tiered, compressed oops, g1 gc, windows-amd64)
# Problematic frame:
# C  [rxtxSerial.dll+0x3990]
#
# No core dump will be written. Minidumps are not enabled by default on client versions of Windows
#
# If you would like to submit a bug report, please visit:
#   http://bugreport.java.com/bugreport/crash.jsp
# The crash happened outside the Java Virtual Machine in native code.
# See problematic frame for where to report the bug.
#

---------------  S U M M A R Y ------------

Command Line: -Djava.library.path=E:\JAVA\rxtx-2.2pre2-bins\rxtx-2.2pre2-bins\win64 -Dfile.encoding=MS949 jettyclient

Host: Intel(R) Core(TM) i3-4160 CPU @ 3.60GHz, 4 cores, 4G,  Windows 10 , 64 bit Build 16299 (10.0.16299.15)
Time: Mon May 28 13:44:59 2018 ¢¥eCN©öI¡¾©ö C¡ÍA¨ª¨öA elapsed time: 0 seconds (0d 0h 0m 0s)

---------------  T H R E A D  ---------------

Current thread (0x000001e59c38e800):  JavaThread "Thread-1" [_thread_in_native, id=10284, stack(0x000000d7e2600000,0x000000d7e2700000)]

Stack: [0x000000d7e2600000,0x000000d7e2700000],  sp=0x000000d7e26fef20,  free space=1019k
Native frames: (J=compiled Java code, j=interpreted, Vv=VM code, C=native code)
C  [rxtxSerial.dll+0x3990]

Java frames: (J=compiled Java code, j=interpreted, Vv=VM code)
j  gnu.io.RXTXPort.readArray([BII)I+0
j  gnu.io.RXTXPort$SerialInputStream.read([BII)I+212
j  gnu.io.RXTXPort$SerialInputStream.read([B)I+60
j  SerialReader.run()V+143
j  java.lang.Thread.run()V+11 java.base@10.0.1
v  ~StubRoutines::call_stub

siginfo: EXCEPTION_ACCESS_VIOLATION (0xc0000005), reading address 0xffffffffe25fef58


Register to memory mapping:

RIP=0x0000000180003990 rxtxSerial.dll
RAX=
[error occurred during error reporting (printing register info), id 0xc0000005]

Registers:
RAX=0x00000000e25fef50, RBX=0x0000000000000000, RCX=0x000000018001d4d5, RDX=0xfffffffffffff665
RSP=0x000000d7e26fef20, RBP=0x00000000ffffffff, RSI=0x0000000000000001, RDI=0x0000000000000000
R8 =0x0000000000000002, R9 =0xfffffffffffff63c, R10=0x0000000000000008, R11=0x8101010101010100
R12=0xffffffffe25fef50, R13=0x0000000000000001, R14=0x0000000000000001, R15=0x0000000000000000
RIP=0x0000000180003990, EFLAGS=0x0000000000010202

Top of Stack: (sp=0x000000d7e26fef20)
0x000000d7e26fef20:   0000000000000000 000000d7e26ff100
0x000000d7e26fef30:   0000000000000001 0000000000000000
0x000000d7e26fef40:   000001e59c38e800 00000000ffffffff
0x000000d7e26fef50:   0000000000000001 0000000000000000
0x000000d7e26fef60:   000001e59c38ea70 0000000000000001
0x000000d7e26fef70:   000000d7e26ff100 000000018000535a
0x000000d7e26fef80:   000001e59c0f4010 000001e59c38e800
0x000000d7e26fef90:   000000d700000001 000001e59c0f4010
0x000000d7e26fefa0:   000001e500000001 000001e5ffffffff
0x000000d7e26fefb0:   000000d7e26ff108 000001e59c391750
0x000000d7e26fefc0:   000000d7e26ff628 0000000058244553
0x000000d7e26fefd0:   000001e59c38e800 000000010006bc10
0x000000d7e26fefe0:   000001e59c391750 0000000058439357
0x000000d7e26feff0:   000001e59bb4b350 0000f6eb989d6cd6
0x000000d7e26ff000:   000000d7e26ff108 000001e59bb4b348
0x000000d7e26ff010:   0000000000000000 000001e5876d9b40 

Instructions: (pc=0x0000000180003990)
0x0000000180003970:   00 44 8b fb 8b fb e8 95 fe ff ff 8b ac 24 88 00
0x0000000180003980:   00 00 44 8b b4 24 80 00 00 00 4c 63 e0 41 8b f6
0x0000000180003990:   45 8b 6c 24 08 41 89 5c 24 08 85 ed 78 09 ff 15
0x00000001800039a0:   5c 36 01 00 44 8b f8 45 85 f6 7e 4d 0f 1f 40 00 



---------------  P R O C E S S  ---------------

Threads class SMR info:
_java_thread_list=0x000001e59c3b6f50, length=14, elements={
0x000001e59c092800, 0x000001e59c09f000, 0x000001e59c0f4800, 0x000001e59c0f5800,
0x000001e59c104000, 0x000001e59c115000, 0x000001e59c139800, 0x000001e59c214800,
0x000001e59c322000, 0x000001e59c328000, 0x000001e59c3ba800, 0x000001e59c38e800,
0x000001e59c3bf800, 0x000001e5ffdd2000
}

Java Threads: ( => current thread )
  0x000001e59c092800 JavaThread "Reference Handler" daemon [_thread_blocked, id=11188, stack(0x000000d7e1900000,0x000000d7e1a00000)]
  0x000001e59c09f000 JavaThread "Finalizer" daemon [_thread_blocked, id=10200, stack(0x000000d7e1a00000,0x000000d7e1b00000)]
  0x000001e59c0f4800 JavaThread "Signal Dispatcher" daemon [_thread_blocked, id=5640, stack(0x000000d7e1c00000,0x000000d7e1d00000)]
  0x000001e59c0f5800 JavaThread "Attach Listener" daemon [_thread_blocked, id=9820, stack(0x000000d7e1d00000,0x000000d7e1e00000)]
  0x000001e59c104000 JavaThread "C2 CompilerThread0" daemon [_thread_blocked, id=5516, stack(0x000000d7e1e00000,0x000000d7e1f00000)]
  0x000001e59c115000 JavaThread "C2 CompilerThread1" daemon [_thread_blocked, id=6828, stack(0x000000d7e1f00000,0x000000d7e2000000)]
  0x000001e59c139800 JavaThread "C1 CompilerThread2" daemon [_thread_blocked, id=9784, stack(0x000000d7e2000000,0x000000d7e2100000)]
  0x000001e59c214800 JavaThread "Sweeper thread" daemon [_thread_blocked, id=6892, stack(0x000000d7e2100000,0x000000d7e2200000)]
  0x000001e59c322000 JavaThread "Service Thread" daemon [_thread_blocked, id=3216, stack(0x000000d7e2200000,0x000000d7e2300000)]
  0x000001e59c328000 JavaThread "Common-Cleaner" daemon [_thread_blocked, id=7760, stack(0x000000d7e2300000,0x000000d7e2400000)]
  0x000001e59c3ba800 JavaThread "Thread-0" [_thread_in_native, id=4956, stack(0x000000d7e2500000,0x000000d7e2600000)]
=>0x000001e59c38e800 JavaThread "Thread-1" [_thread_in_native, id=10284, stack(0x000000d7e2600000,0x000000d7e2700000)]
  0x000001e59c3bf800 JavaThread "Thread-2" [_thread_in_native, id=9692, stack(0x000000d7e2700000,0x000000d7e2800000)]
  0x000001e5ffdd2000 JavaThread "DestroyJavaVM" [_thread_blocked, id=192, stack(0x000000d7e0b00000,0x000000d7e0c00000)]

Other Threads:
  0x000001e59c08b000 VMThread "VM Thread" [stack: 0x000000d7e1800000,0x000000d7e1900000] [id=10004]
  0x000001e59c329000 WatcherThread [stack: 0x000000d7e2400000,0x000000d7e2500000] [id=10248]
  0x000001e5ffde4000 GCTaskThread "GC Thread#0" [stack: 0x000000d7e0d00000,0x000000d7e0e00000] [id=5356]
  0x000001e5ffde7800 GCTaskThread "GC Thread#1" [stack: 0x000000d7e0e00000,0x000000d7e0f00000] [id=1732]
  0x000001e5ffdea000 GCTaskThread "GC Thread#2" [stack: 0x000000d7e0f00000,0x000000d7e1000000] [id=9276]
  0x000001e5ffdec000 GCTaskThread "GC Thread#3" [stack: 0x000000d7e1000000,0x000000d7e1100000] [id=4488]
  0x000001e5ffe2f800 ConcurrentGCThread "G1 Main Marker" [stack: 0x000000d7e1100000,0x000000d7e1200000] [id=3840]
  0x000001e5ffe35000 ConcurrentGCThread "G1 Conc#0" [stack: 0x000000d7e1200000,0x000000d7e1300000] [id=4760]
  0x000001e5ffe81000 ConcurrentGCThread "G1 Refine#0" [stack: 0x000000d7e1300000,0x000000d7e1400000] [id=10000]
  0x000001e5ffe83800 ConcurrentGCThread "G1 Refine#1" [stack: 0x000000d7e1400000,0x000000d7e1500000] [id=10500]
  0x000001e5ffe85800 ConcurrentGCThread "G1 Refine#2" [stack: 0x000000d7e1500000,0x000000d7e1600000] [id=3340]
  0x000001e5ffe88800 ConcurrentGCThread "G1 Refine#3" [stack: 0x000000d7e1600000,0x000000d7e1700000] [id=8064]
  0x000001e5ffe8c800 ConcurrentGCThread "G1 Young RemSet Sampling" [stack: 0x000000d7e1700000,0x000000d7e1800000] [id=10552]

Threads with active compile tasks:

VM state:not at safepoint (normal execution)

VM Mutex/Monitor currently owned by a thread: None

Heap address: 0x00000000b2000000, size: 1248 MB, Compressed Oops mode: 32-bit
Narrow klass base: 0x0000000000000000, Narrow klass shift: 3
Compressed class space size: 1073741824 Address: 0x0000000100000000

Heap:
 garbage-first heap   total 79872K, used 2048K [0x00000000b2000000, 0x0000000100000000)
  region size 1024K, 3 young (3072K), 0 survivors (0K)
 Metaspace       used 4686K, capacity 4826K, committed 4864K, reserved 1056768K
  class space    used 446K, capacity 498K, committed 512K, reserved 1048576K
Heap Regions: E=young(eden), S=young(survivor), O=old, HS=humongous(starts), HC=humongous(continues), CS=collection set, F=free, A=archive, TS=gc time stamp, AC=allocation context, TAMS=top-at-mark-start (previous, next)
|   0|0x00000000b2000000, 0x00000000b2000000, 0x00000000b2100000|  0%| F|  |TS  0|AC  0|TAMS 0x00000000b2000000, 0x00000000b2000000|
|   1|0x00000000b2100000, 0x00000000b2100000, 0x00000000b2200000|  0%| F|  |TS  0|AC  0|TAMS 0x00000000b2100000, 0x00000000b2100000|
|   2|0x00000000b2200000, 0x00000000b2200000, 0x00000000b2300000|  0%| F|  |TS  0|AC  0|TAMS 0x00000000b2200000, 0x00000000b2200000|
|   3|0x00000000b2300000, 0x00000000b2300000, 0x00000000b2400000|  0%| F|  |TS  0|AC  0|TAMS 0x00000000b2300000, 0x00000000b2300000|
|   4|0x00000000b2400000, 0x00000000b2400000, 0x00000000b2500000|  0%| F|  |TS  0|AC  0|TAMS 0x00000000b2400000, 0x00000000b2400000|
|   5|0x00000000b2500000, 0x00000000b2500000, 0x00000000b2600000|  0%| F|  |TS  0|AC  0|TAMS 0x00000000b2500000, 0x00000000b2500000|
|   6|0x00000000b2600000, 0x00000000b2600000, 0x00000000b2700000|  0%| F|  |TS  0|AC  0|TAMS 0x00000000b2600000, 0x00000000b2600000|
|   7|0x00000000b2700000, 0x00000000b2700000, 0x00000000b2800000|  0%| F|  |TS  0|AC  0|TAMS 0x00000000b2700000, 0x00000000b2700000|
|   8|0x00000000b2800000, 0x00000000b2800000, 0x00000000b2900000|  0%| F|  |TS  0|AC  0|TAMS 0x00000000b2800000, 0x00000000b2800000|
|   9|0x00000000b2900000, 0x00000000b2900000, 0x00000000b2a00000|  0%| F|  |TS  0|AC  0|TAMS 0x00000000b2900000, 0x00000000b2900000|
|  10|0x00000000b2a00000, 0x00000000b2a00000, 0x00000000b2b00000|  0%| F|  |TS  0|AC  0|TAMS 0x00000000b2a00000, 0x00000000b2a00000|
|  11|0x00000000b2b00000, 0x00000000b2b00000, 0x00000000b2c00000|  0%| F|  |TS  0|AC  0|TAMS 0x00000000b2b00000, 0x00000000b2b00000|
|  12|0x00000000b2c00000, 0x00000000b2c00000, 0x00000000b2d00000|  0%| F|  |TS  0|AC  0|TAMS 0x00000000b2c00000, 0x00000000b2c00000|
|  13|0x00000000b2d00000, 0x00000000b2d00000, 0x00000000b2e00000|  0%| F|  |TS  0|AC  0|TAMS 0x00000000b2d00000, 0x00000000b2d00000|
|  14|0x00000000b2e00000, 0x00000000b2e00000, 0x00000000b2f00000|  0%| F|  |TS  0|AC  0|TAMS 0x00000000b2e00000, 0x00000000b2e00000|
|  15|0x00000000b2f00000, 0x00000000b2f00000, 0x00000000b3000000|  0%| F|  |TS  0|AC  0|TAMS 0x00000000b2f00000, 0x00000000b2f00000|
|  16|0x00000000b3000000, 0x00000000b3000000, 0x00000000b3100000|  0%| F|  |TS  0|AC  0|TAMS 0x00000000b3000000, 0x00000000b3000000|
|  17|0x00000000b3100000, 0x00000000b3100000, 0x00000000b3200000|  0%| F|  |TS  0|AC  0|TAMS 0x00000000b3100000, 0x00000000b3100000|
|  18|0x00000000b3200000, 0x00000000b3200000, 0x00000000b3300000|  0%| F|  |TS  0|AC  0|TAMS 0x00000000b3200000, 0x00000000b3200000|
|  19|0x00000000b3300000, 0x00000000b3300000, 0x00000000b3400000|  0%| F|  |TS  0|AC  0|TAMS 0x00000000b3300000, 0x00000000b3300000|
|  20|0x00000000b3400000, 0x00000000b3400000, 0x00000000b3500000|  0%| F|  |TS  0|AC  0|TAMS 0x00000000b3400000, 0x00000000b3400000|
|  21|0x00000000b3500000, 0x00000000b3500000, 0x00000000b3600000|  0%| F|  |TS  0|AC  0|TAMS 0x00000000b3500000, 0x00000000b3500000|
|  22|0x00000000b3600000, 0x00000000b3600000, 0x00000000b3700000|  0%| F|  |TS  0|AC  0|TAMS 0x00000000b3600000, 0x00000000b3600000|
|  23|0x00000000b3700000, 0x00000000b3700000, 0x00000000b3800000|  0%| F|  |TS  0|AC  0|TAMS 0x00000000b3700000, 0x00000000b3700000|
|  24|0x00000000b3800000, 0x00000000b3800000, 0x00000000b3900000|  0%| F|  |TS  0|AC  0|TAMS 0x00000000b3800000, 0x00000000b3800000|
|  25|0x00000000b3900000, 0x00000000b3900000, 0x00000000b3a00000|  0%| F|  |TS  0|AC  0|TAMS 0x00000000b3900000, 0x00000000b3900000|
|  26|0x00000000b3a00000, 0x00000000b3a00000, 0x00000000b3b00000|  0%| F|  |TS  0|AC  0|TAMS 0x00000000b3a00000, 0x00000000b3a00000|
|  27|0x00000000b3b00000, 0x00000000b3b00000, 0x00000000b3c00000|  0%| F|  |TS  0|AC  0|TAMS 0x00000000b3b00000, 0x00000000b3b00000|
|  28|0x00000000b3c00000, 0x00000000b3c00000, 0x00000000b3d00000|  0%| F|  |TS  0|AC  0|TAMS 0x00000000b3c00000, 0x00000000b3c00000|
|  29|0x00000000b3d00000, 0x00000000b3d00000, 0x00000000b3e00000|  0%| F|  |TS  0|AC  0|TAMS 0x00000000b3d00000, 0x00000000b3d00000|
|  30|0x00000000b3e00000, 0x00000000b3e00000, 0x00000000b3f00000|  0%| F|  |TS  0|AC  0|TAMS 0x00000000b3e00000, 0x00000000b3e00000|
|  31|0x00000000b3f00000, 0x00000000b3f00000, 0x00000000b4000000|  0%| F|  |TS  0|AC  0|TAMS 0x00000000b3f00000, 0x00000000b3f00000|
|  32|0x00000000b4000000, 0x00000000b4000000, 0x00000000b4100000|  0%| F|  |TS  0|AC  0|TAMS 0x00000000b4000000, 0x00000000b4000000|
|  33|0x00000000b4100000, 0x00000000b4100000, 0x00000000b4200000|  0%| F|  |TS  0|AC  0|TAMS 0x00000000b4100000, 0x00000000b4100000|
|  34|0x00000000b4200000, 0x00000000b4200000, 0x00000000b4300000|  0%| F|  |TS  0|AC  0|TAMS 0x00000000b4200000, 0x00000000b4200000|
|  35|0x00000000b4300000, 0x00000000b4300000, 0x00000000b4400000|  0%| F|  |TS  0|AC  0|TAMS 0x00000000b4300000, 0x00000000b4300000|
|  36|0x00000000b4400000, 0x00000000b4400000, 0x00000000b4500000|  0%| F|  |TS  0|AC  0|TAMS 0x00000000b4400000, 0x00000000b4400000|
|  37|0x00000000b4500000, 0x00000000b4500000, 0x00000000b4600000|  0%| F|  |TS  0|AC  0|TAMS 0x00000000b4500000, 0x00000000b4500000|
|  38|0x00000000b4600000, 0x00000000b4600000, 0x00000000b4700000|  0%| F|  |TS  0|AC  0|TAMS 0x00000000b4600000, 0x00000000b4600000|
|  39|0x00000000b4700000, 0x00000000b4700000, 0x00000000b4800000|  0%| F|  |TS  0|AC  0|TAMS 0x00000000b4700000, 0x00000000b4700000|
|  40|0x00000000b4800000, 0x00000000b4800000, 0x00000000b4900000|  0%| F|  |TS  0|AC  0|TAMS 0x00000000b4800000, 0x00000000b4800000|
|  41|0x00000000b4900000, 0x00000000b4900000, 0x00000000b4a00000|  0%| F|  |TS  0|AC  0|TAMS 0x00000000b4900000, 0x00000000b4900000|
|  42|0x00000000b4a00000, 0x00000000b4a00000, 0x00000000b4b00000|  0%| F|  |TS  0|AC  0|TAMS 0x00000000b4a00000, 0x00000000b4a00000|
|  43|0x00000000b4b00000, 0x00000000b4b00000, 0x00000000b4c00000|  0%| F|  |TS  0|AC  0|TAMS 0x00000000b4b00000, 0x00000000b4b00000|
|  44|0x00000000b4c00000, 0x00000000b4c00000, 0x00000000b4d00000|  0%| F|  |TS  0|AC  0|TAMS 0x00000000b4c00000, 0x00000000b4c00000|
|  45|0x00000000b4d00000, 0x00000000b4d00000, 0x00000000b4e00000|  0%| F|  |TS  0|AC  0|TAMS 0x00000000b4d00000, 0x00000000b4d00000|
|  46|0x00000000b4e00000, 0x00000000b4e00000, 0x00000000b4f00000|  0%| F|  |TS  0|AC  0|TAMS 0x00000000b4e00000, 0x00000000b4e00000|
|  47|0x00000000b4f00000, 0x00000000b4f00000, 0x00000000b5000000|  0%| F|  |TS  0|AC  0|TAMS 0x00000000b4f00000, 0x00000000b4f00000|
|  48|0x00000000b5000000, 0x00000000b5000000, 0x00000000b5100000|  0%| F|  |TS  0|AC  0|TAMS 0x00000000b5000000, 0x00000000b5000000|
|  49|0x00000000b5100000, 0x00000000b5100000, 0x00000000b5200000|  0%| F|  |TS  0|AC  0|TAMS 0x00000000b5100000, 0x00000000b5100000|
|  50|0x00000000b5200000, 0x00000000b5200000, 0x00000000b5300000|  0%| F|  |TS  0|AC  0|TAMS 0x00000000b5200000, 0x00000000b5200000|
|  51|0x00000000b5300000, 0x00000000b5300000, 0x00000000b5400000|  0%| F|  |TS  0|AC  0|TAMS 0x00000000b5300000, 0x00000000b5300000|
|  52|0x00000000b5400000, 0x00000000b5400000, 0x00000000b5500000|  0%| F|  |TS  0|AC  0|TAMS 0x00000000b5400000, 0x00000000b5400000|
|  53|0x00000000b5500000, 0x00000000b5500000, 0x00000000b5600000|  0%| F|  |TS  0|AC  0|TAMS 0x00000000b5500000, 0x00000000b5500000|
|  54|0x00000000b5600000, 0x00000000b5600000, 0x00000000b5700000|  0%| F|  |TS  0|AC  0|TAMS 0x00000000b5600000, 0x00000000b5600000|
|  55|0x00000000b5700000, 0x00000000b5700000, 0x00000000b5800000|  0%| F|  |TS  0|AC  0|TAMS 0x00000000b5700000, 0x00000000b5700000|
|  56|0x00000000b5800000, 0x00000000b5800000, 0x00000000b5900000|  0%| F|  |TS  0|AC  0|TAMS 0x00000000b5800000, 0x00000000b5800000|
|  57|0x00000000b5900000, 0x00000000b5900000, 0x00000000b5a00000|  0%| F|  |TS  0|AC  0|TAMS 0x00000000b5900000, 0x00000000b5900000|
|  58|0x00000000b5a00000, 0x00000000b5a00000, 0x00000000b5b00000|  0%| F|  |TS  0|AC  0|TAMS 0x00000000b5a00000, 0x00000000b5a00000|
|  59|0x00000000b5b00000, 0x00000000b5b00000, 0x00000000b5c00000|  0%| F|  |TS  0|AC  0|TAMS 0x00000000b5b00000, 0x00000000b5b00000|
|  60|0x00000000b5c00000, 0x00000000b5c00000, 0x00000000b5d00000|  0%| F|  |TS  0|AC  0|TAMS 0x00000000b5c00000, 0x00000000b5c00000|
|  61|0x00000000b5d00000, 0x00000000b5d00000, 0x00000000b5e00000|  0%| F|  |TS  0|AC  0|TAMS 0x00000000b5d00000, 0x00000000b5d00000|
|  62|0x00000000b5e00000, 0x00000000b5e00000, 0x00000000b5f00000|  0%| F|  |TS  0|AC  0|TAMS 0x00000000b5e00000, 0x00000000b5e00000|
|  63|0x00000000b5f00000, 0x00000000b5f00000, 0x00000000b6000000|  0%| F|  |TS  0|AC  0|TAMS 0x00000000b5f00000, 0x00000000b5f00000|
|  64|0x00000000b6000000, 0x00000000b6000000, 0x00000000b6100000|  0%| F|  |TS  0|AC  0|TAMS 0x00000000b6000000, 0x00000000b6000000|
|  65|0x00000000b6100000, 0x00000000b6100000, 0x00000000b6200000|  0%| F|  |TS  0|AC  0|TAMS 0x00000000b6100000, 0x00000000b6100000|
|  66|0x00000000b6200000, 0x00000000b6200000, 0x00000000b6300000|  0%| F|  |TS  0|AC  0|TAMS 0x00000000b6200000, 0x00000000b6200000|
|  67|0x00000000b6300000, 0x00000000b6300000, 0x00000000b6400000|  0%| F|  |TS  0|AC  0|TAMS 0x00000000b6300000, 0x00000000b6300000|
|  68|0x00000000b6400000, 0x00000000b6400000, 0x00000000b6500000|  0%| F|  |TS  0|AC  0|TAMS 0x00000000b6400000, 0x00000000b6400000|
|  69|0x00000000b6500000, 0x00000000b6500000, 0x00000000b6600000|  0%| F|  |TS  0|AC  0|TAMS 0x00000000b6500000, 0x00000000b6500000|
|  70|0x00000000b6600000, 0x00000000b6600000, 0x00000000b6700000|  0%| F|  |TS  0|AC  0|TAMS 0x00000000b6600000, 0x00000000b6600000|
|  71|0x00000000b6700000, 0x00000000b6700000, 0x00000000b6800000|  0%| F|  |TS  0|AC  0|TAMS 0x00000000b6700000, 0x00000000b6700000|
|  72|0x00000000b6800000, 0x00000000b6800000, 0x00000000b6900000|  0%| F|  |TS  0|AC  0|TAMS 0x00000000b6800000, 0x00000000b6800000|
|  73|0x00000000b6900000, 0x00000000b6900000, 0x00000000b6a00000|  0%| F|  |TS  0|AC  0|TAMS 0x00000000b6900000, 0x00000000b6900000|
|  74|0x00000000b6a00000, 0x00000000b6a00000, 0x00000000b6b00000|  0%| F|  |TS  0|AC  0|TAMS 0x00000000b6a00000, 0x00000000b6a00000|
|  75|0x00000000b6b00000, 0x00000000b6b90348, 0x00000000b6c00000| 56%| E|  |TS  0|AC  0|TAMS 0x00000000b6b00000, 0x00000000b6b00000|
|  76|0x00000000b6c00000, 0x00000000b6d00000, 0x00000000b6d00000|100%| E|CS|TS  0|AC  0|TAMS 0x00000000b6c00000, 0x00000000b6c00000|
|  77|0x00000000b6d00000, 0x00000000b6e00000, 0x00000000b6e00000|100%| E|CS|TS  0|AC  0|TAMS 0x00000000b6d00000, 0x00000000b6d00000|

Card table byte_map: [0x000001e596940000,0x000001e596bb0000] byte_map_base: 0x000001e5963b0000

Marking Bits (Prev, Next): (CMBitMap*) 0x000001e5ffe2ebd0, (CMBitMap*) 0x000001e5ffe2ec08
 Prev Bits: [0x000001e596e20000, 0x000001e5981a0000)
 Next Bits: [0x000001e5981a0000, 0x000001e599520000)

Polling page: 0x000001e5fb820000

CodeHeap 'non-profiled nmethods': size=120064Kb used=41Kb max_used=41Kb free=120022Kb
 bounds [0x000001e58f190000, 0x000001e58f400000, 0x000001e5966d0000]
CodeHeap 'profiled nmethods': size=120000Kb used=276Kb max_used=276Kb free=119723Kb
 bounds [0x000001e587c60000, 0x000001e587ed0000, 0x000001e58f190000]
CodeHeap 'non-nmethods': size=5696Kb used=1024Kb max_used=1035Kb free=4671Kb
 bounds [0x000001e5876d0000, 0x000001e587940000, 0x000001e587c60000]
 total_blobs=557 nmethods=186 adapters=208
 compilation: enabled

Compilation events (10 events):
Event: 0.598 Thread 0x000001e59c139800 nmethod 182 0x000001e58f199690 code [0x000001e58f199840, 0x000001e58f199958]
Event: 0.598 Thread 0x000001e59c139800  170       3       java.lang.String::indexOf (65 bytes)
Event: 0.599 Thread 0x000001e59c139800 nmethod 170 0x000001e587ca2f90 code [0x000001e587ca3200, 0x000001e587ca3bd0]
Event: 0.599 Thread 0x000001e59c139800  184       1       java.net.URL::getProtocol (5 bytes)
Event: 0.599 Thread 0x000001e59c139800 nmethod 184 0x000001e58f199a10 code [0x000001e58f199bc0, 0x000001e58f199cd8]
Event: 0.599 Thread 0x000001e59c139800  183       1       java.util.zip.ZipFile::access$300 (5 bytes)
Event: 0.599 Thread 0x000001e59c139800 nmethod 183 0x000001e58f199d90 code [0x000001e58f199f40, 0x000001e58f19a038]
Event: 0.600 Thread 0x000001e59c139800  185       3       java.io.WinNTFileSystem::normalize (143 bytes)
Event: 0.601 Thread 0x000001e59c139800 nmethod 185 0x000001e587ca3f10 code [0x000001e587ca41a0, 0x000001e587ca4d40]
Event: 0.788 Thread 0x000001e59c104000  186       4       java.lang.StringLatin1::indexOf (61 bytes)

GC Heap History (0 events):
No events

Deoptimization events (1 events):
Event: 0.152 Thread 0x000001e5ffdd2000 Uncommon trap: reason=unstable_if action=reinterpret pc=0x000001e58f195c70 method=java.lang.String.hashCode()I @ 14 c2

Classes redefined (0 events):
No events

Internal exceptions (2 events):
Event: 0.256 Thread 0x000001e5ffdd2000 Exception <a 'java/io/FileNotFoundException'{0x00000000b6cc1028}> (0x00000000b6cc1028) thrown at [t:/workspace/open/src/hotspot/share/prims/jni.cpp, line 611]
Event: 0.594 Thread 0x000001e5ffdd2000 Exception <a 'java/io/FileNotFoundException'{0x00000000b6cd2e38}> (0x00000000b6cd2e38) thrown at [t:/workspace/open/src/hotspot/share/prims/jni.cpp, line 611]

Events (10 events):
Event: 0.788 loading class jdk/internal/jimage/ImageStrings
Event: 0.788 loading class jdk/internal/jimage/ImageStrings done
Event: 0.788 loading class jdk/internal/jimage/ImageStringsReader done
Event: 0.788 loading class jdk/internal/jimage/decompressor/Decompressor
Event: 0.788 loading class jdk/internal/jimage/decompressor/Decompressor done
Event: 0.788 loading class jdk/internal/jimage/ImageLocation
Event: 0.788 loading class jdk/internal/jimage/ImageLocation done
Event: 0.789 Thread 0x000001e59c38e800 Thread added: 0x000001e59c38e800
Event: 0.789 loading class SerialWriter
Event: 0.789 loading class SerialWriter done


Dynamic libraries:
0x00007ff7d1b10000 - 0x00007ff7d1b4e000 	C:\Program Files\Java\jre-10.0.1\bin\javaw.exe
0x00007ffc68140000 - 0x00007ffc68320000 	C:\WINDOWS\SYSTEM32\ntdll.dll
0x00007ffc65610000 - 0x00007ffc656be000 	C:\WINDOWS\System32\KERNEL32.DLL
0x00007ffc64910000 - 0x00007ffc64b76000 	C:\WINDOWS\System32\KERNELBASE.dll
0x00007ffc65a20000 - 0x00007ffc65ac1000 	C:\WINDOWS\System32\ADVAPI32.dll
0x00007ffc65840000 - 0x00007ffc658dd000 	C:\WINDOWS\System32\msvcrt.dll
0x00007ffc656d0000 - 0x00007ffc6572b000 	C:\WINDOWS\System32\sechost.dll
0x00007ffc65eb0000 - 0x00007ffc65fcf000 	C:\WINDOWS\System32\RPCRT4.dll
0x00007ffc65d20000 - 0x00007ffc65eaf000 	C:\WINDOWS\System32\USER32.dll
0x00007ffc648f0000 - 0x00007ffc64910000 	C:\WINDOWS\System32\win32u.dll
0x00007ffc658e0000 - 0x00007ffc65908000 	C:\WINDOWS\System32\GDI32.dll
0x00007ffc653c0000 - 0x00007ffc65553000 	C:\WINDOWS\System32\gdi32full.dll
0x00007ffc652d0000 - 0x00007ffc6536b000 	C:\WINDOWS\System32\msvcp_win.dll
0x00007ffc64790000 - 0x00007ffc64886000 	C:\WINDOWS\System32\ucrtbase.dll
0x00007ffc570c0000 - 0x00007ffc57329000 	C:\WINDOWS\WinSxS\amd64_microsoft.windows.common-controls_6595b64144ccf1df_6.0.16299.371_none_15c7d1789365a290\COMCTL32.dll
0x00007ffc660d0000 - 0x00007ffc663d8000 	C:\WINDOWS\System32\combase.dll
0x00007ffc64540000 - 0x00007ffc645b2000 	C:\WINDOWS\System32\bcryptPrimitives.dll
0x00007ffc580b0000 - 0x00007ffc580ba000 	C:\WINDOWS\SYSTEM32\VERSION.dll
0x00007ffc659f0000 - 0x00007ffc65a1d000 	C:\WINDOWS\System32\IMM32.DLL
0x00007ffc55110000 - 0x00007ffc551ff000 	C:\Program Files\Java\jre-10.0.1\bin\msvcr120.dll
0x00007ffc54420000 - 0x00007ffc544c6000 	C:\Program Files\Java\jre-10.0.1\bin\msvcp120.dll
0x0000000057ee0000 - 0x0000000058950000 	C:\Program Files\Java\jre-10.0.1\bin\server\jvm.dll
0x00007ffc656c0000 - 0x00007ffc656c8000 	C:\WINDOWS\System32\PSAPI.DLL
0x00007ffc55250000 - 0x00007ffc55259000 	C:\WINDOWS\SYSTEM32\WSOCK32.dll
0x00007ffc65be0000 - 0x00007ffc65c4c000 	C:\WINDOWS\System32\WS2_32.dll
0x00007ffc62710000 - 0x00007ffc62733000 	C:\WINDOWS\SYSTEM32\WINMM.dll
0x00007ffc623e0000 - 0x00007ffc6240a000 	C:\WINDOWS\SYSTEM32\WINMMBASE.dll
0x00007ffc65370000 - 0x00007ffc653ba000 	C:\WINDOWS\System32\cfgmgr32.dll
0x00007ffc61250000 - 0x00007ffc6125f000 	C:\Program Files\Java\jre-10.0.1\bin\verify.dll
0x00007ffc56d60000 - 0x00007ffc56f28000 	C:\WINDOWS\SYSTEM32\DBGHELP.DLL
0x00007ffc56b30000 - 0x00007ffc56b59000 	C:\WINDOWS\SYSTEM32\dbgcore.DLL
0x00007ffc5cd20000 - 0x00007ffc5cd47000 	C:\Program Files\Java\jre-10.0.1\bin\java.dll
0x00007ffc61230000 - 0x00007ffc61246000 	C:\Program Files\Java\jre-10.0.1\bin\zip.dll
0x00007ffc61150000 - 0x00007ffc6115a000 	C:\Program Files\Java\jre-10.0.1\bin\jimage.dll
0x00007ffc666e0000 - 0x00007ffc67b16000 	C:\WINDOWS\System32\SHELL32.dll
0x00007ffc65b30000 - 0x00007ffc65bd6000 	C:\WINDOWS\System32\shcore.dll
0x00007ffc64b80000 - 0x00007ffc652c7000 	C:\WINDOWS\System32\windows.storage.dll
0x00007ffc65910000 - 0x00007ffc65961000 	C:\WINDOWS\System32\shlwapi.dll
0x00007ffc644d0000 - 0x00007ffc644e1000 	C:\WINDOWS\System32\kernel.appcore.dll
0x00007ffc644f0000 - 0x00007ffc6453c000 	C:\WINDOWS\System32\powrprof.dll
0x00007ffc644b0000 - 0x00007ffc644cb000 	C:\WINDOWS\System32\profapi.dll
0x00007ffc5cd00000 - 0x00007ffc5cd1a000 	C:\Program Files\Java\jre-10.0.1\bin\net.dll
0x00007ffc5ca80000 - 0x00007ffc5cb5e000 	C:\WINDOWS\SYSTEM32\WINHTTP.dll
0x00007ffc63cc0000 - 0x00007ffc63d26000 	C:\WINDOWS\system32\mswsock.dll
0x00007ffc5cce0000 - 0x00007ffc5ccf1000 	C:\Program Files\Java\jre-10.0.1\bin\nio.dll
0x0000000180000000 - 0x0000000180025000 	E:\JAVA\rxtx-2.2pre2-bins\rxtx-2.2pre2-bins\win64\rxtxSerial.dll

dbghelp: loaded successfully - version: 4.0.5 - missing functions: none
symbol engine: initialized successfully - sym options: 0x614 - pdb path: .;C:\Program Files\Java\jre-10.0.1\bin;C:\WINDOWS\SYSTEM32;C:\WINDOWS\WinSxS\amd64_microsoft.windows.common-controls_6595b64144ccf1df_6.0.16299.371_none_15c7d1789365a290;C:\Program Files\Java\jre-10.0.1\bin\server;E:\JAVA\rxtx-2.2pre2-bins\rxtx-2.2pre2-bins\win64

VM Arguments:
jvm_args: -Djava.library.path=E:\JAVA\rxtx-2.2pre2-bins\rxtx-2.2pre2-bins\win64 -Dfile.encoding=MS949 
java_command: jettyclient
java_class_path (initial): E:\eclipse-workspace\JClient\bin;E:\JAVA\mysql-connector-java-8.0.11\mysql-connector-java-8.0.11\mysql-connector-java-8.0.11.jar;E:\JAVA\rxtx-2.2pre2-bins\rxtx-2.2pre2-bins\RXTXcomm.jar;E:\JAVA\json-simple-1.1.1.jar;E:\JAVA\jetty9.4.8\lib\alpn-api-1.1.3.v20160715.jar;E:\JAVA\jetty9.4.8\lib\cdi-2-9.4.8.v20171121.jar;E:\JAVA\jetty9.4.8\lib\cdi-core-9.4.8.v20171121.jar;E:\JAVA\jetty9.4.8\lib\cdi-servlet-9.4.8.v20171121.jar;E:\JAVA\jetty9.4.8\lib\jetty-alpn-conscrypt-server-9.4.8.v20171121.jar;E:\JAVA\jetty9.4.8\lib\jetty-alpn-java-server-9.4.8.v20171121.jar;E:\JAVA\jetty9.4.8\lib\jetty-alpn-openjdk8-server-9.4.8.v20171121.jar;E:\JAVA\jetty9.4.8\lib\jetty-alpn-server-9.4.8.v20171121.jar;E:\JAVA\jetty9.4.8\lib\jetty-annotations-9.4.8.v20171121.jar;E:\JAVA\jetty9.4.8\lib\jetty-client-9.4.8.v20171121.jar;E:\JAVA\jetty9.4.8\lib\jetty-continuation-9.4.8.v20171121.jar;E:\JAVA\jetty9.4.8\lib\jetty-deploy-9.4.8.v20171121.jar;E:\JAVA\jetty9.4.8\lib\jetty-gcloud-session-manager-9.4.8.v20171121.jar;E:\JAVA\jetty9.4.8\lib\jetty-hazelcast-9.4.8.v20171121.jar;E:\JAVA\jetty9.4.8\lib\jetty-http-9.4.8.v20171121.jar;E:\JAVA\jetty9.4.8\lib\jetty-infinispan-9.4.8.v20171121.jar;E:\JAVA\jetty9.4.8\lib\jetty-io-9.4.8.v20171121.jar;E:\JAVA\jetty9.4.8\lib\jetty-jaas-9.4.8.v20171121.jar;E:\JAVA\jetty9.4.8\lib\jetty-jaspi-9.4.8.v20171121.jar;E:\JAVA\jetty9.4.8\lib\jetty-jmx-9.4.8.v20171121.jar;E:\JAVA\jetty9.4.8\lib\jetty-jndi-9.4.8.v20171121.jar;E:\JAVA\jetty9.4.8\lib\jetty-memcached-sessions-9.4.8.v20171121.jar;E:\JAVA\jetty9.4.8\lib\jetty-nosql-9.4.8.v20171121.jar;E:\JAVA\jetty9.4.8\lib\jetty-plus-9.4.8.v20171121.jar;E:\JAVA\jetty9.4.8\lib\jetty-proxy-9.4.8.v20171121.jar;E:\JAVA\jetty9.4.8\lib\jetty-quickstart-9.4.8.v20171121.jar;E:\JAVA\jetty9.4.8\lib\jetty-rewrite-9.4.8.v20171121.jar;E:\JAVA\jetty9.4.8\lib\jetty-schemas-3.1.jar;E:\JAVA\jetty9.4.8\lib\jetty-security-9.4.8.v20171121.jar;E:\JAVA\jetty9.4.8\lib\jetty-server-9.4.8.v20171121.jar;E:\JAVA\jetty9.4.8\lib\
Launcher Type: SUN_STANDARD

Logging:
Log output configuration:
#0: stdout all=warning uptime,level,tags
#1: stderr all=off uptime,level,tags

Environment Variables:
PATH=C:\Program Files (x86)\Common Files\Oracle\Java\javapath;C:\WINDOWS\system32;C:\WINDOWS;C:\WINDOWS\System32\Wbem;C:\WINDOWS\System32\WindowsPowerShell\v1.0\;C:\Users\king\AppData\Local\Microsoft\WindowsApps;
USERNAME=king
OS=Windows_NT
PROCESSOR_IDENTIFIER=Intel64 Family 6 Model 60 Stepping 3, GenuineIntel



---------------  S Y S T E M  ---------------

OS: Windows 10 , 64 bit Build 16299 (10.0.16299.15)

CPU:total 4 (initial active 4) (2 cores per cpu, 2 threads per core) family 6 model 60 stepping 3, cmov, cx8, fxsr, mmx, sse, sse2, sse3, ssse3, sse4.1, sse4.2, popcnt, avx, avx2, aes, clmul, erms, lzcnt, ht, tsc, tscinvbit, bmi1, bmi2, fma

Memory: 4k page, physical 5106180k(2034620k free), swap 6679044k(3541428k free)

vm_info: Java HotSpot(TM) 64-Bit Server VM (10.0.1+10) for windows-amd64 JRE (10.0.1+10), built on Mar 27 2018 02:27:48 by "mach5one" with MS VC++ 12.0 (VS2013)

END.
